{"numTotalTestSuites":119,"numPassedTestSuites":99,"numFailedTestSuites":20,"numPendingTestSuites":0,"numTotalTests":356,"numPassedTests":342,"numFailedTests":14,"numPendingTests":0,"numTodoTests":0,"snapshot":{"added":0,"failure":false,"filesAdded":0,"filesRemoved":0,"filesRemovedList":[],"filesUnmatched":0,"filesUpdated":0,"matched":0,"total":0,"unchecked":0,"uncheckedKeysByFile":[],"unmatched":0,"updated":0,"didUpdate":false},"startTime":1770041990093,"success":false,"testResults":[{"assertionResults":[],"startTime":1770041990093,"endTime":1770041990093,"status":"failed","message":"jest is not defined","name":"/Users/leighmitchell/aims_project/frontend/src/__tests__/ActivityCard.test.tsx"},{"assertionResults":[],"startTime":1770041990093,"endTime":1770041990093,"status":"failed","message":"Do not import `@jest/globals` outside of the Jest test environment","name":"/Users/leighmitchell/aims_project/frontend/src/__tests__/autosave.test.tsx"},{"assertionResults":[],"startTime":1770041990093,"endTime":1770041990093,"status":"failed","message":"Do not import `@jest/globals` outside of the Jest test environment","name":"/Users/leighmitchell/aims_project/frontend/src/__tests__/default_finance_type.test.ts"},{"assertionResults":[],"startTime":1770041990093,"endTime":1770041990093,"status":"failed","message":"Do not import `@jest/globals` outside of the Jest test environment","name":"/Users/leighmitchell/aims_project/frontend/src/__tests__/supabase-field-update.test.tsx"},{"assertionResults":[{"ancestorTitles":["TransactionSectorsTab"],"fullName":"TransactionSectorsTab renders empty state correctly","status":"failed","title":"renders empty state correctly","duration":0.5183750000014697,"failureMessages":["ReferenceError: React is not defined\n    at /Users/leighmitchell/aims_project/frontend/src/__tests__/transaction-sectors.test.tsx:64:12\n    at file:///Users/leighmitchell/aims_project/frontend/node_modules/@vitest/runner/dist/index.js:146:14\n    at file:///Users/leighmitchell/aims_project/frontend/node_modules/@vitest/runner/dist/index.js:533:11\n    at runWithTimeout (file:///Users/leighmitchell/aims_project/frontend/node_modules/@vitest/runner/dist/index.js:39:7)\n    at runTest (file:///Users/leighmitchell/aims_project/frontend/node_modules/@vitest/runner/dist/index.js:1056:17)\n    at processTicksAndRejections (node:internal/process/task_queues:105:5)\n    at runSuite (file:///Users/leighmitchell/aims_project/frontend/node_modules/@vitest/runner/dist/index.js:1205:15)\n    at runSuite (file:///Users/leighmitchell/aims_project/frontend/node_modules/@vitest/runner/dist/index.js:1205:15)\n    at runFiles (file:///Users/leighmitchell/aims_project/frontend/node_modules/@vitest/runner/dist/index.js:1262:5)\n    at startTests (file:///Users/leighmitchell/aims_project/frontend/node_modules/@vitest/runner/dist/index.js:1271:3)"],"meta":{}},{"ancestorTitles":["TransactionSectorsTab"],"fullName":"TransactionSectorsTab shows add sector form when Add First Sector is clicked","status":"failed","title":"shows add sector form when Add First Sector is clicked","duration":0.13937499999883585,"failureMessages":["ReferenceError: React is not defined\n    at /Users/leighmitchell/aims_project/frontend/src/__tests__/transaction-sectors.test.tsx:73:12\n    at file:///Users/leighmitchell/aims_project/frontend/node_modules/@vitest/runner/dist/index.js:146:14\n    at file:///Users/leighmitchell/aims_project/frontend/node_modules/@vitest/runner/dist/index.js:533:11\n    at runWithTimeout (file:///Users/leighmitchell/aims_project/frontend/node_modules/@vitest/runner/dist/index.js:39:7)\n    at runTest (file:///Users/leighmitchell/aims_project/frontend/node_modules/@vitest/runner/dist/index.js:1056:17)\n    at processTicksAndRejections (node:internal/process/task_queues:105:5)\n    at runSuite (file:///Users/leighmitchell/aims_project/frontend/node_modules/@vitest/runner/dist/index.js:1205:15)\n    at runSuite (file:///Users/leighmitchell/aims_project/frontend/node_modules/@vitest/runner/dist/index.js:1205:15)\n    at runFiles (file:///Users/leighmitchell/aims_project/frontend/node_modules/@vitest/runner/dist/index.js:1262:5)\n    at startTests (file:///Users/leighmitchell/aims_project/frontend/node_modules/@vitest/runner/dist/index.js:1271:3)"],"meta":{}},{"ancestorTitles":["TransactionSectorsTab"],"fullName":"TransactionSectorsTab handles sector selection","status":"failed","title":"handles sector selection","duration":0.5914580000007845,"failureMessages":["ReferenceError: React is not defined\n    at /Users/leighmitchell/aims_project/frontend/src/__tests__/transaction-sectors.test.tsx:109:12\n    at processTicksAndRejections (node:internal/process/task_queues:105:5)\n    at file:///Users/leighmitchell/aims_project/frontend/node_modules/@vitest/runner/dist/index.js:533:5\n    at runTest (file:///Users/leighmitchell/aims_project/frontend/node_modules/@vitest/runner/dist/index.js:1056:11)\n    at runSuite (file:///Users/leighmitchell/aims_project/frontend/node_modules/@vitest/runner/dist/index.js:1205:15)\n    at runSuite (file:///Users/leighmitchell/aims_project/frontend/node_modules/@vitest/runner/dist/index.js:1205:15)\n    at runFiles (file:///Users/leighmitchell/aims_project/frontend/node_modules/@vitest/runner/dist/index.js:1262:5)\n    at startTests (file:///Users/leighmitchell/aims_project/frontend/node_modules/@vitest/runner/dist/index.js:1271:3)\n    at file:///Users/leighmitchell/aims_project/frontend/node_modules/vitest/dist/chunks/runBaseTests.3qpJUEJM.js:126:11\n    at withEnv (file:///Users/leighmitchell/aims_project/frontend/node_modules/vitest/dist/chunks/runBaseTests.3qpJUEJM.js:90:5)"],"meta":{}},{"ancestorTitles":["TransactionSectorsTab"],"fullName":"TransactionSectorsTab displays loading state","status":"failed","title":"displays loading state","duration":0.4729589999988093,"failureMessages":["Error: Cannot find module '@/hooks/use-transaction-sectors'\nRequire stack:\n- /Users/leighmitchell/aims_project/frontend/src/__tests__/transaction-sectors.test.tsx\n    at Module._resolveFilename (node:internal/modules/cjs/loader:1405:15)\n    at defaultResolveImpl (node:internal/modules/cjs/loader:1061:19)\n    at resolveForCJSWithHooks (node:internal/modules/cjs/loader:1066:22)\n    at Module._load (node:internal/modules/cjs/loader:1215:37)\n    at TracingChannel.traceSync (node:diagnostics_channel:322:14)\n    at wrapModuleLoad (node:internal/modules/cjs/loader:235:24)\n    at Module.require (node:internal/modules/cjs/loader:1491:12)\n    at require (node:internal/modules/helpers:135:16)\n    at /Users/leighmitchell/aims_project/frontend/src/__tests__/transaction-sectors.test.tsx:123:39\n    at file:///Users/leighmitchell/aims_project/frontend/node_modules/@vitest/runner/dist/index.js:146:14"],"meta":{}},{"ancestorTitles":["TransactionSectorsTab"],"fullName":"TransactionSectorsTab displays error state","status":"failed","title":"displays error state","duration":0.27550000000155705,"failureMessages":["Error: Cannot find module '@/hooks/use-transaction-sectors'\nRequire stack:\n- /Users/leighmitchell/aims_project/frontend/src/__tests__/transaction-sectors.test.tsx\n    at Module._resolveFilename (node:internal/modules/cjs/loader:1405:15)\n    at defaultResolveImpl (node:internal/modules/cjs/loader:1061:19)\n    at resolveForCJSWithHooks (node:internal/modules/cjs/loader:1066:22)\n    at Module._load (node:internal/modules/cjs/loader:1215:37)\n    at TracingChannel.traceSync (node:diagnostics_channel:322:14)\n    at wrapModuleLoad (node:internal/modules/cjs/loader:235:24)\n    at Module.require (node:internal/modules/cjs/loader:1491:12)\n    at require (node:internal/modules/helpers:135:16)\n    at /Users/leighmitchell/aims_project/frontend/src/__tests__/transaction-sectors.test.tsx:147:39\n    at file:///Users/leighmitchell/aims_project/frontend/node_modules/@vitest/runner/dist/index.js:146:14"],"meta":{}},{"ancestorTitles":["TransactionSectorsTab"],"fullName":"TransactionSectorsTab renders sector allocations table when sectors exist","status":"failed","title":"renders sector allocations table when sectors exist","duration":0.20029099999919708,"failureMessages":["Error: Cannot find module '@/hooks/use-transaction-sectors'\nRequire stack:\n- /Users/leighmitchell/aims_project/frontend/src/__tests__/transaction-sectors.test.tsx\n    at Module._resolveFilename (node:internal/modules/cjs/loader:1405:15)\n    at defaultResolveImpl (node:internal/modules/cjs/loader:1061:19)\n    at resolveForCJSWithHooks (node:internal/modules/cjs/loader:1066:22)\n    at Module._load (node:internal/modules/cjs/loader:1215:37)\n    at TracingChannel.traceSync (node:diagnostics_channel:322:14)\n    at wrapModuleLoad (node:internal/modules/cjs/loader:235:24)\n    at Module.require (node:internal/modules/cjs/loader:1491:12)\n    at require (node:internal/modules/helpers:135:16)\n    at /Users/leighmitchell/aims_project/frontend/src/__tests__/transaction-sectors.test.tsx:171:39\n    at file:///Users/leighmitchell/aims_project/frontend/node_modules/@vitest/runner/dist/index.js:146:14"],"meta":{}}],"startTime":1770041998715,"endTime":1770041998717.2002,"status":"failed","message":"","name":"/Users/leighmitchell/aims_project/frontend/src/__tests__/transaction-sectors.test.tsx"},{"assertionResults":[{"ancestorTitles":["Transaction Field Persistence","Boolean Field Handling"],"fullName":"Transaction Field Persistence Boolean Field Handling should preserve false value for is_humanitarian","status":"passed","title":"should preserve false value for is_humanitarian","duration":0.24083400000017718,"failureMessages":[],"meta":{}},{"ancestorTitles":["Transaction Field Persistence","Boolean Field Handling"],"fullName":"Transaction Field Persistence Boolean Field Handling should preserve true value for is_humanitarian","status":"passed","title":"should preserve true value for is_humanitarian","duration":0.04391599999871687,"failureMessages":[],"meta":{}},{"ancestorTitles":["Transaction Field Persistence","Boolean Field Handling"],"fullName":"Transaction Field Persistence Boolean Field Handling should handle undefined for is_humanitarian by not including it","status":"passed","title":"should handle undefined for is_humanitarian by not including it","duration":0.3016250000000582,"failureMessages":[],"meta":{}},{"ancestorTitles":["Transaction Field Persistence","Boolean Field Handling"],"fullName":"Transaction Field Persistence Boolean Field Handling should convert null to false for is_humanitarian when explicitly provided","status":"passed","title":"should convert null to false for is_humanitarian when explicitly provided","duration":0.03991700000005949,"failureMessages":[],"meta":{}},{"ancestorTitles":["Transaction Field Persistence","Boolean Field Handling"],"fullName":"Transaction Field Persistence Boolean Field Handling should handle finance_type_inherited boolean correctly","status":"passed","title":"should handle finance_type_inherited boolean correctly","duration":0.03854200000023411,"failureMessages":[],"meta":{}},{"ancestorTitles":["Transaction Field Persistence","Boolean Field Handling"],"fullName":"Transaction Field Persistence Boolean Field Handling should handle fx_differs boolean correctly","status":"passed","title":"should handle fx_differs boolean correctly","duration":0.03858300000138115,"failureMessages":[],"meta":{}},{"ancestorTitles":["Transaction Field Persistence","Enum Field Handling"],"fullName":"Transaction Field Persistence Enum Field Handling should save valid aid_type","status":"passed","title":"should save valid aid_type","duration":0.04087500000059663,"failureMessages":[],"meta":{}},{"ancestorTitles":["Transaction Field Persistence","Enum Field Handling"],"fullName":"Transaction Field Persistence Enum Field Handling should convert empty string to null for aid_type","status":"passed","title":"should convert empty string to null for aid_type","duration":0.03445900000042457,"failureMessages":[],"meta":{}},{"ancestorTitles":["Transaction Field Persistence","Enum Field Handling"],"fullName":"Transaction Field Persistence Enum Field Handling should convert \"none\" to null for flow_type","status":"passed","title":"should convert \"none\" to null for flow_type","duration":0.04312500000014552,"failureMessages":[],"meta":{}},{"ancestorTitles":["Transaction Field Persistence","Enum Field Handling"],"fullName":"Transaction Field Persistence Enum Field Handling should trim whitespace from enum values","status":"passed","title":"should trim whitespace from enum values","duration":0.04708299999947485,"failureMessages":[],"meta":{}},{"ancestorTitles":["Transaction Field Persistence","Enum Field Handling"],"fullName":"Transaction Field Persistence Enum Field Handling should handle all IATI classification fields","status":"passed","title":"should handle all IATI classification fields","duration":0.08670800000072632,"failureMessages":[],"meta":{}},{"ancestorTitles":["Transaction Field Persistence","Enum Field Handling"],"fullName":"Transaction Field Persistence Enum Field Handling should convert \"undefined\" string to null","status":"passed","title":"should convert \"undefined\" string to null","duration":0.05683399999907124,"failureMessages":[],"meta":{}},{"ancestorTitles":["Transaction Field Persistence","Enum Field Handling"],"fullName":"Transaction Field Persistence Enum Field Handling should convert \"null\" string to null","status":"passed","title":"should convert \"null\" string to null","duration":0.05008300000008603,"failureMessages":[],"meta":{}},{"ancestorTitles":["Transaction Field Persistence","Mixed Field Types"],"fullName":"Transaction Field Persistence Mixed Field Types should handle a complete transaction update payload","status":"passed","title":"should handle a complete transaction update payload","duration":0.23795799999970768,"failureMessages":[],"meta":{}},{"ancestorTitles":["Transaction Field Persistence","Mixed Field Types"],"fullName":"Transaction Field Persistence Mixed Field Types should handle partial updates correctly","status":"passed","title":"should handle partial updates correctly","duration":0.11287500000071304,"failureMessages":[],"meta":{}},{"ancestorTitles":["Transaction Field Persistence","Mixed Field Types"],"fullName":"Transaction Field Persistence Mixed Field Types should handle clearing optional fields","status":"passed","title":"should handle clearing optional fields","duration":0.1129160000000411,"failureMessages":[],"meta":{}},{"ancestorTitles":["Transaction Field Persistence","Regression Tests for Original Bug"],"fullName":"Transaction Field Persistence Regression Tests for Original Bug REGRESSION: false for is_humanitarian should NOT become null","status":"passed","title":"REGRESSION: false for is_humanitarian should NOT become null","duration":0.04433400000016263,"failureMessages":[],"meta":{}},{"ancestorTitles":["Transaction Field Persistence","Regression Tests for Original Bug"],"fullName":"Transaction Field Persistence Regression Tests for Original Bug REGRESSION: enum field with empty string should become null, not \"\"","status":"passed","title":"REGRESSION: enum field with empty string should become null, not \"\"","duration":0.1475829999999405,"failureMessages":[],"meta":{}},{"ancestorTitles":["Transaction Field Persistence","Regression Tests for Original Bug"],"fullName":"Transaction Field Persistence Regression Tests for Original Bug REGRESSION: all IATI fields mentioned in bug report should work","status":"passed","title":"REGRESSION: all IATI fields mentioned in bug report should work","duration":0.08858299999883457,"failureMessages":[],"meta":{}},{"ancestorTitles":["Transaction Field Persistence","Edge Cases"],"fullName":"Transaction Field Persistence Edge Cases should handle whitespace in enum values","status":"passed","title":"should handle whitespace in enum values","duration":0.04104199999892444,"failureMessages":[],"meta":{}},{"ancestorTitles":["Transaction Field Persistence","Edge Cases"],"fullName":"Transaction Field Persistence Edge Cases should handle zero as a valid value","status":"passed","title":"should handle zero as a valid value","duration":0.04808299999967858,"failureMessages":[],"meta":{}},{"ancestorTitles":["Transaction Field Persistence","Edge Cases"],"fullName":"Transaction Field Persistence Edge Cases should handle invalid UUIDs by converting to null","status":"passed","title":"should handle invalid UUIDs by converting to null","duration":0.07279100000050676,"failureMessages":[],"meta":{}},{"ancestorTitles":["Transaction Field Persistence","Edge Cases"],"fullName":"Transaction Field Persistence Edge Cases should preserve valid UUID with different casing","status":"passed","title":"should preserve valid UUID with different casing","duration":0.037000000000261934,"failureMessages":[],"meta":{}}],"startTime":1770041998361,"endTime":1770041998363.1475,"status":"passed","message":"","name":"/Users/leighmitchell/aims_project/frontend/src/__tests__/api/transaction-field-persistence.test.ts"},{"assertionResults":[{"ancestorTitles":["Transaction Sectors API","GET /api/transactions/[transactionId]/sectors"],"fullName":"Transaction Sectors API GET /api/transactions/[transactionId]/sectors returns sector lines for valid transaction","status":"failed","title":"returns sector lines for valid transaction","duration":8.57012500000019,"failureMessages":["Error: `cookies` was called outside a request scope. Read more: https://nextjs.org/docs/messages/next-dynamic-api-wrong-context\n    at getExpectedRequestStore (/Users/leighmitchell/aims_project/frontend/node_modules/next/src/client/components/request-async-storage.external.ts:31:9)\n    at Proxy.cookies (/Users/leighmitchell/aims_project/frontend/node_modules/next/src/client/components/headers.ts:53:47)\n    at Module.requireAuth (/Users/leighmitchell/aims_project/frontend/src/lib/auth.ts:29:29)\n    at Module.GET (/Users/leighmitchell/aims_project/frontend/src/app/api/transactions/[transactionId]/sectors/route.ts:178:54)\n    at /Users/leighmitchell/aims_project/frontend/src/__tests__/api/transaction-sectors.test.ts:97:30\n    at file:///Users/leighmitchell/aims_project/frontend/node_modules/@vitest/runner/dist/index.js:146:14\n    at file:///Users/leighmitchell/aims_project/frontend/node_modules/@vitest/runner/dist/index.js:533:11\n    at runWithTimeout (file:///Users/leighmitchell/aims_project/frontend/node_modules/@vitest/runner/dist/index.js:39:7)\n    at runTest (file:///Users/leighmitchell/aims_project/frontend/node_modules/@vitest/runner/dist/index.js:1056:17)\n    at processTicksAndRejections (node:internal/process/task_queues:105:5)"],"meta":{}},{"ancestorTitles":["Transaction Sectors API","GET /api/transactions/[transactionId]/sectors"],"fullName":"Transaction Sectors API GET /api/transactions/[transactionId]/sectors returns 404 for non-existent transaction","status":"failed","title":"returns 404 for non-existent transaction","duration":1.6237080000000788,"failureMessages":["Error: `cookies` was called outside a request scope. Read more: https://nextjs.org/docs/messages/next-dynamic-api-wrong-context\n    at getExpectedRequestStore (/Users/leighmitchell/aims_project/frontend/node_modules/next/src/client/components/request-async-storage.external.ts:31:9)\n    at Proxy.cookies (/Users/leighmitchell/aims_project/frontend/node_modules/next/src/client/components/headers.ts:53:47)\n    at Module.requireAuth (/Users/leighmitchell/aims_project/frontend/src/lib/auth.ts:29:29)\n    at Module.GET (/Users/leighmitchell/aims_project/frontend/src/app/api/transactions/[transactionId]/sectors/route.ts:178:54)\n    at /Users/leighmitchell/aims_project/frontend/src/__tests__/api/transaction-sectors.test.ts:123:30\n    at file:///Users/leighmitchell/aims_project/frontend/node_modules/@vitest/runner/dist/index.js:146:14\n    at file:///Users/leighmitchell/aims_project/frontend/node_modules/@vitest/runner/dist/index.js:533:11\n    at runWithTimeout (file:///Users/leighmitchell/aims_project/frontend/node_modules/@vitest/runner/dist/index.js:39:7)\n    at runTest (file:///Users/leighmitchell/aims_project/frontend/node_modules/@vitest/runner/dist/index.js:1056:17)\n    at processTicksAndRejections (node:internal/process/task_queues:105:5)"],"meta":{}},{"ancestorTitles":["Transaction Sectors API","PUT /api/transactions/[transactionId]/sectors"],"fullName":"Transaction Sectors API PUT /api/transactions/[transactionId]/sectors updates sector lines successfully","status":"failed","title":"updates sector lines successfully","duration":1.2672090000005483,"failureMessages":["Error: `cookies` was called outside a request scope. Read more: https://nextjs.org/docs/messages/next-dynamic-api-wrong-context\n    at getExpectedRequestStore (/Users/leighmitchell/aims_project/frontend/node_modules/next/src/client/components/request-async-storage.external.ts:31:9)\n    at Proxy.cookies (/Users/leighmitchell/aims_project/frontend/node_modules/next/src/client/components/headers.ts:53:47)\n    at Module.requireAuth (/Users/leighmitchell/aims_project/frontend/src/lib/auth.ts:29:29)\n    at Module.PUT (/Users/leighmitchell/aims_project/frontend/src/app/api/transactions/[transactionId]/sectors/route.ts:251:54)\n    at /Users/leighmitchell/aims_project/frontend/src/__tests__/api/transaction-sectors.test.ts:218:30\n    at file:///Users/leighmitchell/aims_project/frontend/node_modules/@vitest/runner/dist/index.js:146:14\n    at file:///Users/leighmitchell/aims_project/frontend/node_modules/@vitest/runner/dist/index.js:533:11\n    at runWithTimeout (file:///Users/leighmitchell/aims_project/frontend/node_modules/@vitest/runner/dist/index.js:39:7)\n    at runTest (file:///Users/leighmitchell/aims_project/frontend/node_modules/@vitest/runner/dist/index.js:1056:17)\n    at processTicksAndRejections (node:internal/process/task_queues:105:5)"],"meta":{}},{"ancestorTitles":["Transaction Sectors API","PUT /api/transactions/[transactionId]/sectors"],"fullName":"Transaction Sectors API PUT /api/transactions/[transactionId]/sectors returns validation error for invalid percentages","status":"failed","title":"returns validation error for invalid percentages","duration":0.5081249999993815,"failureMessages":["Error: `cookies` was called outside a request scope. Read more: https://nextjs.org/docs/messages/next-dynamic-api-wrong-context\n    at getExpectedRequestStore (/Users/leighmitchell/aims_project/frontend/node_modules/next/src/client/components/request-async-storage.external.ts:31:9)\n    at Proxy.cookies (/Users/leighmitchell/aims_project/frontend/node_modules/next/src/client/components/headers.ts:53:47)\n    at Module.requireAuth (/Users/leighmitchell/aims_project/frontend/src/lib/auth.ts:29:29)\n    at Module.PUT (/Users/leighmitchell/aims_project/frontend/src/app/api/transactions/[transactionId]/sectors/route.ts:251:54)\n    at /Users/leighmitchell/aims_project/frontend/src/__tests__/api/transaction-sectors.test.ts:271:30\n    at file:///Users/leighmitchell/aims_project/frontend/node_modules/@vitest/runner/dist/index.js:146:14\n    at file:///Users/leighmitchell/aims_project/frontend/node_modules/@vitest/runner/dist/index.js:533:11\n    at runWithTimeout (file:///Users/leighmitchell/aims_project/frontend/node_modules/@vitest/runner/dist/index.js:39:7)\n    at runTest (file:///Users/leighmitchell/aims_project/frontend/node_modules/@vitest/runner/dist/index.js:1056:17)\n    at processTicksAndRejections (node:internal/process/task_queues:105:5)"],"meta":{}},{"ancestorTitles":["Transaction Sectors API","DELETE /api/transactions/[transactionId]/sectors"],"fullName":"Transaction Sectors API DELETE /api/transactions/[transactionId]/sectors deletes all sector lines successfully","status":"failed","title":"deletes all sector lines successfully","duration":1.4422500000000582,"failureMessages":["Error: `cookies` was called outside a request scope. Read more: https://nextjs.org/docs/messages/next-dynamic-api-wrong-context\n    at getExpectedRequestStore (/Users/leighmitchell/aims_project/frontend/node_modules/next/src/client/components/request-async-storage.external.ts:31:9)\n    at Proxy.cookies (/Users/leighmitchell/aims_project/frontend/node_modules/next/src/client/components/headers.ts:53:47)\n    at Module.requireAuth (/Users/leighmitchell/aims_project/frontend/src/lib/auth.ts:29:29)\n    at Module.DELETE (/Users/leighmitchell/aims_project/frontend/src/app/api/transactions/[transactionId]/sectors/route.ts:394:54)\n    at /Users/leighmitchell/aims_project/frontend/src/__tests__/api/transaction-sectors.test.ts:314:30\n    at file:///Users/leighmitchell/aims_project/frontend/node_modules/@vitest/runner/dist/index.js:146:14\n    at file:///Users/leighmitchell/aims_project/frontend/node_modules/@vitest/runner/dist/index.js:533:11\n    at runWithTimeout (file:///Users/leighmitchell/aims_project/frontend/node_modules/@vitest/runner/dist/index.js:39:7)\n    at runTest (file:///Users/leighmitchell/aims_project/frontend/node_modules/@vitest/runner/dist/index.js:1056:17)\n    at processTicksAndRejections (node:internal/process/task_queues:105:5)"],"meta":{}}],"startTime":1770041998334,"endTime":1770041998347.4421,"status":"failed","message":"","name":"/Users/leighmitchell/aims_project/frontend/src/__tests__/api/transaction-sectors.test.ts"},{"assertionResults":[{"ancestorTitles":["Transaction Field Cleaner Utilities","cleanBooleanValue"],"fullName":"Transaction Field Cleaner Utilities cleanBooleanValue should preserve false value","status":"passed","title":"should preserve false value","duration":0.13591600000108883,"failureMessages":[],"meta":{}},{"ancestorTitles":["Transaction Field Cleaner Utilities","cleanBooleanValue"],"fullName":"Transaction Field Cleaner Utilities cleanBooleanValue should preserve true value","status":"passed","title":"should preserve true value","duration":0.04212499999994179,"failureMessages":[],"meta":{}},{"ancestorTitles":["Transaction Field Cleaner Utilities","cleanBooleanValue"],"fullName":"Transaction Field Cleaner Utilities cleanBooleanValue should convert null to false","status":"passed","title":"should convert null to false","duration":0.03424999999879219,"failureMessages":[],"meta":{}},{"ancestorTitles":["Transaction Field Cleaner Utilities","cleanBooleanValue"],"fullName":"Transaction Field Cleaner Utilities cleanBooleanValue should convert undefined to false","status":"passed","title":"should convert undefined to false","duration":0.04379199999857519,"failureMessages":[],"meta":{}},{"ancestorTitles":["Transaction Field Cleaner Utilities","cleanBooleanValue"],"fullName":"Transaction Field Cleaner Utilities cleanBooleanValue should convert truthy strings to true","status":"passed","title":"should convert truthy strings to true","duration":0.05020900000090478,"failureMessages":[],"meta":{}},{"ancestorTitles":["Transaction Field Cleaner Utilities","cleanBooleanValue"],"fullName":"Transaction Field Cleaner Utilities cleanBooleanValue should convert empty string to false","status":"passed","title":"should convert empty string to false","duration":0.03162499999962165,"failureMessages":[],"meta":{}},{"ancestorTitles":["Transaction Field Cleaner Utilities","cleanBooleanValue"],"fullName":"Transaction Field Cleaner Utilities cleanBooleanValue should convert 0 to false","status":"passed","title":"should convert 0 to false","duration":0.031500000000960426,"failureMessages":[],"meta":{}},{"ancestorTitles":["Transaction Field Cleaner Utilities","cleanBooleanValue"],"fullName":"Transaction Field Cleaner Utilities cleanBooleanValue should convert 1 to true","status":"passed","title":"should convert 1 to true","duration":0.030624999999417923,"failureMessages":[],"meta":{}},{"ancestorTitles":["Transaction Field Cleaner Utilities","cleanEnumValue"],"fullName":"Transaction Field Cleaner Utilities cleanEnumValue should preserve valid enum values","status":"passed","title":"should preserve valid enum values","duration":0.054500000000189175,"failureMessages":[],"meta":{}},{"ancestorTitles":["Transaction Field Cleaner Utilities","cleanEnumValue"],"fullName":"Transaction Field Cleaner Utilities cleanEnumValue should trim whitespace","status":"passed","title":"should trim whitespace","duration":0.04216700000142737,"failureMessages":[],"meta":{}},{"ancestorTitles":["Transaction Field Cleaner Utilities","cleanEnumValue"],"fullName":"Transaction Field Cleaner Utilities cleanEnumValue should convert empty string to null","status":"passed","title":"should convert empty string to null","duration":0.03308400000059919,"failureMessages":[],"meta":{}},{"ancestorTitles":["Transaction Field Cleaner Utilities","cleanEnumValue"],"fullName":"Transaction Field Cleaner Utilities cleanEnumValue should convert \"none\" to null","status":"passed","title":"should convert \"none\" to null","duration":0.030415999999604537,"failureMessages":[],"meta":{}},{"ancestorTitles":["Transaction Field Cleaner Utilities","cleanEnumValue"],"fullName":"Transaction Field Cleaner Utilities cleanEnumValue should convert \"undefined\" string to null","status":"passed","title":"should convert \"undefined\" string to null","duration":0.03012500000113505,"failureMessages":[],"meta":{}},{"ancestorTitles":["Transaction Field Cleaner Utilities","cleanEnumValue"],"fullName":"Transaction Field Cleaner Utilities cleanEnumValue should convert \"null\" string to null","status":"passed","title":"should convert \"null\" string to null","duration":0.029666000000361237,"failureMessages":[],"meta":{}},{"ancestorTitles":["Transaction Field Cleaner Utilities","cleanEnumValue"],"fullName":"Transaction Field Cleaner Utilities cleanEnumValue should convert null to null","status":"passed","title":"should convert null to null","duration":0.02916700000059791,"failureMessages":[],"meta":{}},{"ancestorTitles":["Transaction Field Cleaner Utilities","cleanEnumValue"],"fullName":"Transaction Field Cleaner Utilities cleanEnumValue should convert undefined to null","status":"passed","title":"should convert undefined to null","duration":0.030167000000801636,"failureMessages":[],"meta":{}},{"ancestorTitles":["Transaction Field Cleaner Utilities","cleanUUIDValue"],"fullName":"Transaction Field Cleaner Utilities cleanUUIDValue should preserve valid UUIDs","status":"passed","title":"should preserve valid UUIDs","duration":0.0406249999996362,"failureMessages":[],"meta":{}},{"ancestorTitles":["Transaction Field Cleaner Utilities","cleanUUIDValue"],"fullName":"Transaction Field Cleaner Utilities cleanUUIDValue should handle uppercase UUIDs","status":"passed","title":"should handle uppercase UUIDs","duration":0.03650000000016007,"failureMessages":[],"meta":{}},{"ancestorTitles":["Transaction Field Cleaner Utilities","cleanUUIDValue"],"fullName":"Transaction Field Cleaner Utilities cleanUUIDValue should trim whitespace from UUIDs","status":"passed","title":"should trim whitespace from UUIDs","duration":0.036416999999346444,"failureMessages":[],"meta":{}},{"ancestorTitles":["Transaction Field Cleaner Utilities","cleanUUIDValue"],"fullName":"Transaction Field Cleaner Utilities cleanUUIDValue should reject invalid UUID formats","status":"passed","title":"should reject invalid UUID formats","duration":0.0388329999987036,"failureMessages":[],"meta":{}},{"ancestorTitles":["Transaction Field Cleaner Utilities","cleanUUIDValue"],"fullName":"Transaction Field Cleaner Utilities cleanUUIDValue should convert empty string to null","status":"passed","title":"should convert empty string to null","duration":0.029540999999881024,"failureMessages":[],"meta":{}},{"ancestorTitles":["Transaction Field Cleaner Utilities","cleanUUIDValue"],"fullName":"Transaction Field Cleaner Utilities cleanUUIDValue should convert \"null\" string to null","status":"passed","title":"should convert \"null\" string to null","duration":0.02916700000059791,"failureMessages":[],"meta":{}},{"ancestorTitles":["Transaction Field Cleaner Utilities","cleanUUIDValue"],"fullName":"Transaction Field Cleaner Utilities cleanUUIDValue should convert \"undefined\" string to null","status":"passed","title":"should convert \"undefined\" string to null","duration":0.02937500000007276,"failureMessages":[],"meta":{}},{"ancestorTitles":["Transaction Field Cleaner Utilities","cleanUUIDValue"],"fullName":"Transaction Field Cleaner Utilities cleanUUIDValue should handle null","status":"passed","title":"should handle null","duration":0.02937500000007276,"failureMessages":[],"meta":{}},{"ancestorTitles":["Transaction Field Cleaner Utilities","cleanUUIDValue"],"fullName":"Transaction Field Cleaner Utilities cleanUUIDValue should handle undefined","status":"passed","title":"should handle undefined","duration":0.02933399999892572,"failureMessages":[],"meta":{}},{"ancestorTitles":["Transaction Field Cleaner Utilities","cleanUUIDValue"],"fullName":"Transaction Field Cleaner Utilities cleanUUIDValue should handle non-string values","status":"passed","title":"should handle non-string values","duration":0.03954200000043784,"failureMessages":[],"meta":{}},{"ancestorTitles":["Transaction Field Cleaner Utilities","cleanDateValue"],"fullName":"Transaction Field Cleaner Utilities cleanDateValue should preserve valid date strings","status":"passed","title":"should preserve valid date strings","duration":0.03516700000000128,"failureMessages":[],"meta":{}},{"ancestorTitles":["Transaction Field Cleaner Utilities","cleanDateValue"],"fullName":"Transaction Field Cleaner Utilities cleanDateValue should convert empty string to null","status":"passed","title":"should convert empty string to null","duration":0.031541999998808024,"failureMessages":[],"meta":{}},{"ancestorTitles":["Transaction Field Cleaner Utilities","cleanDateValue"],"fullName":"Transaction Field Cleaner Utilities cleanDateValue should convert whitespace-only string to null","status":"passed","title":"should convert whitespace-only string to null","duration":0.03216700000120909,"failureMessages":[],"meta":{}},{"ancestorTitles":["Transaction Field Cleaner Utilities","cleanDateValue"],"fullName":"Transaction Field Cleaner Utilities cleanDateValue should handle null","status":"passed","title":"should handle null","duration":0.0314170000001468,"failureMessages":[],"meta":{}},{"ancestorTitles":["Transaction Field Cleaner Utilities","cleanDateValue"],"fullName":"Transaction Field Cleaner Utilities cleanDateValue should handle undefined","status":"passed","title":"should handle undefined","duration":0.03012499999931606,"failureMessages":[],"meta":{}},{"ancestorTitles":["Transaction Field Cleaner Utilities","cleanTransactionFields"],"fullName":"Transaction Field Cleaner Utilities cleanTransactionFields should clean all fields correctly","status":"passed","title":"should clean all fields correctly","duration":0.13537499999983993,"failureMessages":[],"meta":{}},{"ancestorTitles":["Transaction Field Cleaner Utilities","cleanTransactionFields"],"fullName":"Transaction Field Cleaner Utilities cleanTransactionFields should preserve false for is_humanitarian","status":"passed","title":"should preserve false for is_humanitarian","duration":0.051292000000103144,"failureMessages":[],"meta":{}},{"ancestorTitles":["Transaction Field Cleaner Utilities","cleanTransactionFields"],"fullName":"Transaction Field Cleaner Utilities cleanTransactionFields should handle empty strings for enum fields","status":"passed","title":"should handle empty strings for enum fields","duration":0.06750000000101863,"failureMessages":[],"meta":{}},{"ancestorTitles":["Transaction Field Cleaner Utilities","cleanTransactionFields"],"fullName":"Transaction Field Cleaner Utilities cleanTransactionFields should only include fields present in input","status":"passed","title":"should only include fields present in input","duration":0.12658299999930023,"failureMessages":[],"meta":{}},{"ancestorTitles":["Transaction Field Cleaner Utilities","cleanTransactionFields"],"fullName":"Transaction Field Cleaner Utilities cleanTransactionFields should handle all boolean fields correctly","status":"passed","title":"should handle all boolean fields correctly","duration":0.07504200000039418,"failureMessages":[],"meta":{}},{"ancestorTitles":["Transaction Field Cleaner Utilities","cleanFieldValue"],"fullName":"Transaction Field Cleaner Utilities cleanFieldValue should clean boolean field is_humanitarian correctly","status":"failed","title":"should clean boolean field is_humanitarian correctly","duration":1.0232500000001892,"failureMessages":["AssertionError: expected false to be null\n    at /Users/leighmitchell/aims_project/frontend/src/__tests__/lib/transaction-field-cleaner.test.ts:238:56\n    at file:///Users/leighmitchell/aims_project/frontend/node_modules/@vitest/runner/dist/index.js:146:14\n    at file:///Users/leighmitchell/aims_project/frontend/node_modules/@vitest/runner/dist/index.js:533:11\n    at runWithTimeout (file:///Users/leighmitchell/aims_project/frontend/node_modules/@vitest/runner/dist/index.js:39:7)\n    at runTest (file:///Users/leighmitchell/aims_project/frontend/node_modules/@vitest/runner/dist/index.js:1056:17)\n    at processTicksAndRejections (node:internal/process/task_queues:105:5)\n    at runSuite (file:///Users/leighmitchell/aims_project/frontend/node_modules/@vitest/runner/dist/index.js:1205:15)\n    at runSuite (file:///Users/leighmitchell/aims_project/frontend/node_modules/@vitest/runner/dist/index.js:1205:15)\n    at runSuite (file:///Users/leighmitchell/aims_project/frontend/node_modules/@vitest/runner/dist/index.js:1205:15)\n    at runFiles (file:///Users/leighmitchell/aims_project/frontend/node_modules/@vitest/runner/dist/index.js:1262:5)"],"meta":{}},{"ancestorTitles":["Transaction Field Cleaner Utilities","cleanFieldValue"],"fullName":"Transaction Field Cleaner Utilities cleanFieldValue should clean enum fields correctly","status":"passed","title":"should clean enum fields correctly","duration":0.18266700000094716,"failureMessages":[],"meta":{}},{"ancestorTitles":["Transaction Field Cleaner Utilities","cleanFieldValue"],"fullName":"Transaction Field Cleaner Utilities cleanFieldValue should clean UUID fields correctly","status":"passed","title":"should clean UUID fields correctly","duration":0.07808300000033341,"failureMessages":[],"meta":{}},{"ancestorTitles":["Transaction Field Cleaner Utilities","cleanFieldValue"],"fullName":"Transaction Field Cleaner Utilities cleanFieldValue should clean date fields correctly","status":"passed","title":"should clean date fields correctly","duration":0.05329199999869161,"failureMessages":[],"meta":{}},{"ancestorTitles":["Transaction Field Cleaner Utilities","cleanFieldValue"],"fullName":"Transaction Field Cleaner Utilities cleanFieldValue should handle unknown fields","status":"passed","title":"should handle unknown fields","duration":0.052249999998821295,"failureMessages":[],"meta":{}},{"ancestorTitles":["Transaction Field Cleaner Utilities","Critical Bug Prevention"],"fullName":"Transaction Field Cleaner Utilities Critical Bug Prevention CRITICAL: should NOT convert false to null for boolean fields","status":"passed","title":"CRITICAL: should NOT convert false to null for boolean fields","duration":0.07016599999951723,"failureMessages":[],"meta":{}},{"ancestorTitles":["Transaction Field Cleaner Utilities","Critical Bug Prevention"],"fullName":"Transaction Field Cleaner Utilities Critical Bug Prevention CRITICAL: should NOT convert empty string to false for boolean fields","status":"passed","title":"CRITICAL: should NOT convert empty string to false for boolean fields","duration":0.04666700000052515,"failureMessages":[],"meta":{}}],"startTime":1770041998505,"endTime":1770041998508.1826,"status":"failed","message":"","name":"/Users/leighmitchell/aims_project/frontend/src/__tests__/lib/transaction-field-cleaner.test.ts"},{"assertionResults":[{"ancestorTitles":["IATI Datastore API Integration","TC-DS-001: Search for known organization"],"fullName":"IATI Datastore API Integration TC-DS-001: Search for known organization should find World Bank in IATI Datastore","status":"passed","title":"should find World Bank in IATI Datastore","duration":0.14899999999943248,"failureMessages":[],"meta":{}},{"ancestorTitles":["IATI Datastore API Integration","TC-DS-001: Search for known organization"],"fullName":"IATI Datastore API Integration TC-DS-001: Search for known organization should find UK Government activities","status":"passed","title":"should find UK Government activities","duration":0.05920900000000984,"failureMessages":[],"meta":{}},{"ancestorTitles":["IATI Datastore API Integration","TC-DS-002: Fetch activities by organization ref"],"fullName":"IATI Datastore API Integration TC-DS-002: Fetch activities by organization ref should retrieve activities for World Bank","status":"passed","title":"should retrieve activities for World Bank","duration":0.06149999999979627,"failureMessages":[],"meta":{}},{"ancestorTitles":["IATI Datastore API Integration","TC-DS-002: Fetch activities by organization ref"],"fullName":"IATI Datastore API Integration TC-DS-002: Fetch activities by organization ref should include activity metadata in response","status":"passed","title":"should include activity metadata in response","duration":0.06541700000070705,"failureMessages":[],"meta":{}},{"ancestorTitles":["IATI Datastore API Integration","TC-DS-003: Handle non-existent organization"],"fullName":"IATI Datastore API Integration TC-DS-003: Handle non-existent organization should return empty results for non-existent org","status":"passed","title":"should return empty results for non-existent org","duration":0.047582999999576714,"failureMessages":[],"meta":{}},{"ancestorTitles":["IATI Datastore API Integration","TC-DS-010: Handle API timeout (mock)"],"fullName":"IATI Datastore API Integration TC-DS-010: Handle API timeout (mock) should handle timeout gracefully","status":"passed","title":"should handle timeout gracefully","duration":3.216500000000451,"failureMessages":[],"meta":{}},{"ancestorTitles":["IATI Datastore API Integration","TC-DS-011: Handle API rate limiting"],"fullName":"IATI Datastore API Integration TC-DS-011: Handle API rate limiting should handle rate limit response (429) appropriately","status":"passed","title":"should handle rate limit response (429) appropriately","duration":0.06570800000008603,"failureMessages":[],"meta":{}},{"ancestorTitles":["IATI Datastore API Integration","TC-DS-012: Parse datastore response correctly"],"fullName":"IATI Datastore API Integration TC-DS-012: Parse datastore response correctly should parse JSON response format","status":"passed","title":"should parse JSON response format","duration":0.0898749999996653,"failureMessages":[],"meta":{}},{"ancestorTitles":["IATI Datastore API Integration","TC-DS-012: Parse datastore response correctly"],"fullName":"IATI Datastore API Integration TC-DS-012: Parse datastore response correctly should handle XML response format","status":"passed","title":"should handle XML response format","duration":0.05645800000002055,"failureMessages":[],"meta":{}},{"ancestorTitles":["IATI Datastore API Integration","IATI Registry API Tests","TC-REG-001: Search organization packages"],"fullName":"IATI Datastore API Integration IATI Registry API Tests TC-REG-001: Search organization packages should search for organization packages","status":"passed","title":"should search for organization packages","duration":0.06808400000045367,"failureMessages":[],"meta":{}},{"ancestorTitles":["IATI Datastore API Integration","IATI Registry API Tests","TC-REG-002: Get package details"],"fullName":"IATI Datastore API Integration IATI Registry API Tests TC-REG-002: Get package details should retrieve package metadata","status":"passed","title":"should retrieve package metadata","duration":0.05929199999991397,"failureMessages":[],"meta":{}},{"ancestorTitles":["IATI Standard URLs","Official IATI Example Files"],"fullName":"IATI Standard URLs Official IATI Example Files should access IATI example annotated XML","status":"passed","title":"should access IATI example annotated XML","duration":599.2759590000005,"failureMessages":[],"meta":{}},{"ancestorTitles":["IATI Standard URLs","IATI Codelists"],"fullName":"IATI Standard URLs IATI Codelists should access IATI codelists repository","status":"passed","title":"should access IATI codelists repository","duration":647.6555829999998,"failureMessages":[],"meta":{}}],"startTime":1770041996999,"endTime":1770041998249.6555,"status":"passed","message":"","name":"/Users/leighmitchell/aims_project/frontend/src/__tests__/api/iati/datastore.test.ts"},{"assertionResults":[{"ancestorTitles":["IATI Import Route - /api/iati/import","TC-IMP-001: Import single new activity"],"fullName":"IATI Import Route - /api/iati/import TC-IMP-001: Import single new activity should create a new activity from IATI data","status":"passed","title":"should create a new activity from IATI data","duration":1.2506249999996726,"failureMessages":[],"meta":{}},{"ancestorTitles":["IATI Import Route - /api/iati/import","TC-IMP-002: Import activity with all fields"],"fullName":"IATI Import Route - /api/iati/import TC-IMP-002: Import activity with all fields should import activity with complete data","status":"passed","title":"should import activity with complete data","duration":0.21212500000001455,"failureMessages":[],"meta":{}},{"ancestorTitles":["IATI Import Route - /api/iati/import","TC-IMP-003: Import multiple activities in batch"],"fullName":"IATI Import Route - /api/iati/import TC-IMP-003: Import multiple activities in batch should import multiple activities at once","status":"passed","title":"should import multiple activities at once","duration":0.16825000000062573,"failureMessages":[],"meta":{}},{"ancestorTitles":["IATI Import Route - /api/iati/import","TC-IMP-010: Update existing matched activity"],"fullName":"IATI Import Route - /api/iati/import TC-IMP-010: Update existing matched activity should update an existing activity when matched","status":"passed","title":"should update an existing activity when matched","duration":0.18308300000080635,"failureMessages":[],"meta":{}},{"ancestorTitles":["IATI Import Route - /api/iati/import","TC-IMP-020: Map activity-status codes correctly"],"fullName":"IATI Import Route - /api/iati/import TC-IMP-020: Map activity-status codes correctly should map status code 1 (Pipeline/Identification)","status":"passed","title":"should map status code 1 (Pipeline/Identification)","duration":0.16466600000057952,"failureMessages":[],"meta":{}},{"ancestorTitles":["IATI Import Route - /api/iati/import","TC-IMP-020: Map activity-status codes correctly"],"fullName":"IATI Import Route - /api/iati/import TC-IMP-020: Map activity-status codes correctly should map status code 2 (Implementation)","status":"passed","title":"should map status code 2 (Implementation)","duration":0.2729170000002341,"failureMessages":[],"meta":{}},{"ancestorTitles":["IATI Import Route - /api/iati/import","TC-IMP-020: Map activity-status codes correctly"],"fullName":"IATI Import Route - /api/iati/import TC-IMP-020: Map activity-status codes correctly should map status code 3 (Finalisation)","status":"passed","title":"should map status code 3 (Finalisation)","duration":0.43641699999989214,"failureMessages":[],"meta":{}},{"ancestorTitles":["IATI Import Route - /api/iati/import","TC-IMP-020: Map activity-status codes correctly"],"fullName":"IATI Import Route - /api/iati/import TC-IMP-020: Map activity-status codes correctly should map status code 4 (Closed)","status":"passed","title":"should map status code 4 (Closed)","duration":0.1575830000001588,"failureMessages":[],"meta":{}},{"ancestorTitles":["IATI Import Route - /api/iati/import","TC-IMP-020: Map activity-status codes correctly"],"fullName":"IATI Import Route - /api/iati/import TC-IMP-020: Map activity-status codes correctly should map status code 5 (Cancelled)","status":"passed","title":"should map status code 5 (Cancelled)","duration":0.2830000000003565,"failureMessages":[],"meta":{}},{"ancestorTitles":["IATI Import Route - /api/iati/import","TC-IMP-020: Map activity-status codes correctly"],"fullName":"IATI Import Route - /api/iati/import TC-IMP-020: Map activity-status codes correctly should map status code 6 (Suspended)","status":"passed","title":"should map status code 6 (Suspended)","duration":0.05999999999949068,"failureMessages":[],"meta":{}},{"ancestorTitles":["IATI Import Route - /api/iati/import","TC-IMP-021: Map activity-date types correctly"],"fullName":"IATI Import Route - /api/iati/import TC-IMP-021: Map activity-date types correctly should map all four date types","status":"passed","title":"should map all four date types","duration":1.0064579999998386,"failureMessages":[],"meta":{}},{"ancestorTitles":["IATI Import Route - /api/iati/import","TC-IMP-022: Handle missing optional fields"],"fullName":"IATI Import Route - /api/iati/import TC-IMP-022: Handle missing optional fields should import activity with minimal required fields","status":"passed","title":"should import activity with minimal required fields","duration":0.13249999999970896,"failureMessages":[],"meta":{}},{"ancestorTitles":["Transaction Import Tests","TC-TX-IMPORT: Import transactions"],"fullName":"Transaction Import Tests TC-TX-IMPORT: Import transactions TC-TX-001: should import Incoming Funds (type 1)","status":"passed","title":"TC-TX-001: should import Incoming Funds (type 1)","duration":0.19295799999963492,"failureMessages":[],"meta":{}},{"ancestorTitles":["Transaction Import Tests","TC-TX-IMPORT: Import transactions"],"fullName":"Transaction Import Tests TC-TX-IMPORT: Import transactions TC-TX-002: should import Outgoing Commitment (type 2)","status":"passed","title":"TC-TX-002: should import Outgoing Commitment (type 2)","duration":0.04304199999933189,"failureMessages":[],"meta":{}},{"ancestorTitles":["Transaction Import Tests","TC-TX-IMPORT: Import transactions"],"fullName":"Transaction Import Tests TC-TX-IMPORT: Import transactions TC-TX-003: should import Disbursement (type 3)","status":"passed","title":"TC-TX-003: should import Disbursement (type 3)","duration":0.037624999999934516,"failureMessages":[],"meta":{}},{"ancestorTitles":["Transaction Import Tests","TC-TX-IMPORT: Import transactions"],"fullName":"Transaction Import Tests TC-TX-IMPORT: Import transactions TC-TX-004: should import Expenditure (type 4)","status":"passed","title":"TC-TX-004: should import Expenditure (type 4)","duration":0.053915999999844644,"failureMessages":[],"meta":{}},{"ancestorTitles":["Transaction Import Tests","TC-TX-IMPORT: Import transactions"],"fullName":"Transaction Import Tests TC-TX-IMPORT: Import transactions TC-TX-005: should import Interest Payment (type 5)","status":"passed","title":"TC-TX-005: should import Interest Payment (type 5)","duration":0.062124999999468855,"failureMessages":[],"meta":{}},{"ancestorTitles":["Transaction Import Tests","TC-TX-IMPORT: Import transactions"],"fullName":"Transaction Import Tests TC-TX-IMPORT: Import transactions TC-TX-006: should import Loan Repayment (type 6)","status":"passed","title":"TC-TX-006: should import Loan Repayment (type 6)","duration":0.05129099999976461,"failureMessages":[],"meta":{}},{"ancestorTitles":["Transaction Import Tests","TC-TX-IMPORT: Import transactions"],"fullName":"Transaction Import Tests TC-TX-IMPORT: Import transactions TC-TX-007: should import Reimbursement (type 7)","status":"passed","title":"TC-TX-007: should import Reimbursement (type 7)","duration":0.039249999999810825,"failureMessages":[],"meta":{}},{"ancestorTitles":["Transaction Import Tests","TC-TX-IMPORT: Import transactions"],"fullName":"Transaction Import Tests TC-TX-IMPORT: Import transactions TC-TX-008: should import Purchase of Equity (type 8)","status":"passed","title":"TC-TX-008: should import Purchase of Equity (type 8)","duration":0.06945799999994051,"failureMessages":[],"meta":{}},{"ancestorTitles":["Transaction Import Tests","TC-TX-IMPORT: Import transactions"],"fullName":"Transaction Import Tests TC-TX-IMPORT: Import transactions TC-TX-009: should import Sale of Equity (type 9)","status":"passed","title":"TC-TX-009: should import Sale of Equity (type 9)","duration":0.1459999999997308,"failureMessages":[],"meta":{}},{"ancestorTitles":["Transaction Import Tests","TC-TX-IMPORT: Import transactions"],"fullName":"Transaction Import Tests TC-TX-IMPORT: Import transactions TC-TX-011: should import Incoming Commitment (type 11)","status":"passed","title":"TC-TX-011: should import Incoming Commitment (type 11)","duration":0.04887499999949796,"failureMessages":[],"meta":{}},{"ancestorTitles":["Transaction Import Tests","TC-TX-IMPORT: Import transactions"],"fullName":"Transaction Import Tests TC-TX-IMPORT: Import transactions TC-TX-012: should import Outgoing Pledge (type 12)","status":"passed","title":"TC-TX-012: should import Outgoing Pledge (type 12)","duration":0.0662080000001879,"failureMessages":[],"meta":{}},{"ancestorTitles":["Transaction Import Tests","TC-TX-IMPORT: Import transactions"],"fullName":"Transaction Import Tests TC-TX-IMPORT: Import transactions TC-TX-013: should import Incoming Pledge (type 13)","status":"passed","title":"TC-TX-013: should import Incoming Pledge (type 13)","duration":0.05533400000058464,"failureMessages":[],"meta":{}},{"ancestorTitles":["Transaction Import Tests","TC-TX-100: Currency handling"],"fullName":"Transaction Import Tests TC-TX-100: Currency handling should handle USD transactions","status":"passed","title":"should handle USD transactions","duration":0.09904199999982666,"failureMessages":[],"meta":{}},{"ancestorTitles":["Transaction Import Tests","TC-TX-100: Currency handling"],"fullName":"Transaction Import Tests TC-TX-100: Currency handling should handle EUR transactions","status":"passed","title":"should handle EUR transactions","duration":0.4237920000005033,"failureMessages":[],"meta":{}},{"ancestorTitles":["Transaction Import Tests","TC-TX-100: Currency handling"],"fullName":"Transaction Import Tests TC-TX-100: Currency handling should handle transactions with missing currency (default to USD)","status":"passed","title":"should handle transactions with missing currency (default to USD)","duration":0.23083299999962037,"failureMessages":[],"meta":{}},{"ancestorTitles":["Organization Import Tests","TC-ORG-001: Create organization with all fields"],"fullName":"Organization Import Tests TC-ORG-001: Create organization with all fields should create new organization from IATI data","status":"passed","title":"should create new organization from IATI data","duration":0.3743339999991804,"failureMessages":[],"meta":{}},{"ancestorTitles":["Organization Import Tests","TC-ORG-TYPE: Organization type mapping"],"fullName":"Organization Import Tests TC-ORG-TYPE: Organization type mapping TC-ORG-TYPE-10: should map type 10 to government","status":"passed","title":"TC-ORG-TYPE-10: should map type 10 to government","duration":0.31212500000037835,"failureMessages":[],"meta":{}},{"ancestorTitles":["Organization Import Tests","TC-ORG-TYPE: Organization type mapping"],"fullName":"Organization Import Tests TC-ORG-TYPE: Organization type mapping TC-ORG-TYPE-21: should map type 21 to ngo","status":"passed","title":"TC-ORG-TYPE-21: should map type 21 to ngo","duration":0.04808400000001711,"failureMessages":[],"meta":{}},{"ancestorTitles":["Organization Import Tests","TC-ORG-TYPE: Organization type mapping"],"fullName":"Organization Import Tests TC-ORG-TYPE: Organization type mapping TC-ORG-TYPE-22: should map type 22 to ngo","status":"passed","title":"TC-ORG-TYPE-22: should map type 22 to ngo","duration":0.09129200000006676,"failureMessages":[],"meta":{}},{"ancestorTitles":["Organization Import Tests","TC-ORG-TYPE: Organization type mapping"],"fullName":"Organization Import Tests TC-ORG-TYPE: Organization type mapping TC-ORG-TYPE-40: should map type 40 to multilateral","status":"passed","title":"TC-ORG-TYPE-40: should map type 40 to multilateral","duration":0.046000000000276486,"failureMessages":[],"meta":{}},{"ancestorTitles":["Organization Import Tests","TC-ORG-TYPE: Organization type mapping"],"fullName":"Organization Import Tests TC-ORG-TYPE: Organization type mapping TC-ORG-TYPE-70: should map type 70 to private","status":"passed","title":"TC-ORG-TYPE-70: should map type 70 to private","duration":1.931416000000354,"failureMessages":[],"meta":{}},{"ancestorTitles":["Organization Import Tests","TC-ORG-TYPE: Organization type mapping"],"fullName":"Organization Import Tests TC-ORG-TYPE: Organization type mapping TC-ORG-TYPE-80: should map type 80 to academic","status":"passed","title":"TC-ORG-TYPE-80: should map type 80 to academic","duration":0.2235420000006343,"failureMessages":[],"meta":{}}],"startTime":1770041995000,"endTime":1770041995018.2236,"status":"passed","message":"","name":"/Users/leighmitchell/aims_project/frontend/src/__tests__/api/iati/import-route.test.ts"},{"assertionResults":[{"ancestorTitles":["IATI Parse Route - /api/iati/parse","TC-PARSE-API-001: Parse valid IATI XML"],"fullName":"IATI Parse Route - /api/iati/parse TC-PARSE-API-001: Parse valid IATI XML should successfully parse valid IATI XML","status":"passed","title":"should successfully parse valid IATI XML","duration":0.1987090000002354,"failureMessages":[],"meta":{}},{"ancestorTitles":["IATI Parse Route - /api/iati/parse","TC-PARSE-API-001: Parse valid IATI XML"],"fullName":"IATI Parse Route - /api/iati/parse TC-PARSE-API-001: Parse valid IATI XML should extract activity details correctly","status":"passed","title":"should extract activity details correctly","duration":0.07970800000020972,"failureMessages":[],"meta":{}},{"ancestorTitles":["IATI Parse Route - /api/iati/parse","TC-PARSE-API-001: Parse valid IATI XML"],"fullName":"IATI Parse Route - /api/iati/parse TC-PARSE-API-001: Parse valid IATI XML should extract transactions from activities","status":"passed","title":"should extract transactions from activities","duration":0.06420900000011898,"failureMessages":[],"meta":{}},{"ancestorTitles":["IATI Parse Route - /api/iati/parse","TC-PARSE-API-002: Parse multiple activities"],"fullName":"IATI Parse Route - /api/iati/parse TC-PARSE-API-002: Parse multiple activities should parse all activities in a multi-activity file","status":"passed","title":"should parse all activities in a multi-activity file","duration":0.16625000000021828,"failureMessages":[],"meta":{}},{"ancestorTitles":["IATI Parse Route - /api/iati/parse","TC-PARSE-API-003: Handle empty XML"],"fullName":"IATI Parse Route - /api/iati/parse TC-PARSE-API-003: Handle empty XML should return error for empty XML content","status":"passed","title":"should return error for empty XML content","duration":0.05141600000024482,"failureMessages":[],"meta":{}},{"ancestorTitles":["IATI Parse Route - /api/iati/parse","TC-PARSE-API-004: Handle malformed XML"],"fullName":"IATI Parse Route - /api/iati/parse TC-PARSE-API-004: Handle malformed XML should return error for malformed XML","status":"passed","title":"should return error for malformed XML","duration":0.04037499999958527,"failureMessages":[],"meta":{}},{"ancestorTitles":["IATI Parse Route - /api/iati/parse","TC-PARSE-API-005: Handle missing root element"],"fullName":"IATI Parse Route - /api/iati/parse TC-PARSE-API-005: Handle missing root element should return error for XML without iati-activities root","status":"passed","title":"should return error for XML without iati-activities root","duration":0.039667000000008557,"failureMessages":[],"meta":{}},{"ancestorTitles":["IATI Parse Route - /api/iati/parse","TC-PARSE-API-006: Validate transaction codes"],"fullName":"IATI Parse Route - /api/iati/parse TC-PARSE-API-006: Validate transaction codes should flag invalid transaction codes","status":"passed","title":"should flag invalid transaction codes","duration":0.04241699999965931,"failureMessages":[],"meta":{}},{"ancestorTitles":["IATI Parse Route - /api/iati/parse","TC-PARSE-API-006: Validate transaction codes"],"fullName":"IATI Parse Route - /api/iati/parse TC-PARSE-API-006: Validate transaction codes should report invalid transaction types","status":"passed","title":"should report invalid transaction types","duration":0.03341699999964476,"failureMessages":[],"meta":{}},{"ancestorTitles":["IATI Parse Route - /api/iati/parse","TC-PARSE-API-007: Parse all transaction types"],"fullName":"IATI Parse Route - /api/iati/parse TC-PARSE-API-007: Parse all transaction types should parse all 12 valid transaction types","status":"passed","title":"should parse all 12 valid transaction types","duration":0.057083000000602624,"failureMessages":[],"meta":{}},{"ancestorTitles":["IATI Parse Route - /api/iati/parse","TC-PARSE-API-008: Parse CRS-add financing terms"],"fullName":"IATI Parse Route - /api/iati/parse TC-PARSE-API-008: Parse CRS-add financing terms should parse CRS-add loan terms","status":"passed","title":"should parse CRS-add loan terms","duration":0.16587499999968713,"failureMessages":[],"meta":{}},{"ancestorTitles":["IATI Parse Route - /api/iati/parse","TC-PARSE-API-008: Parse CRS-add financing terms"],"fullName":"IATI Parse Route - /api/iati/parse TC-PARSE-API-008: Parse CRS-add financing terms should parse loan status entries","status":"passed","title":"should parse loan status entries","duration":0.0770410000004631,"failureMessages":[],"meta":{}},{"ancestorTitles":["IATI Parse Route - /api/iati/parse","TC-PARSE-API-008: Parse CRS-add financing terms"],"fullName":"IATI Parse Route - /api/iati/parse TC-PARSE-API-008: Parse CRS-add financing terms should parse OECD CRS flags","status":"passed","title":"should parse OECD CRS flags","duration":0.04270799999994779,"failureMessages":[],"meta":{}},{"ancestorTitles":["IATI Parse Route - /api/iati/parse","TC-PARSE-API-009: Parse locations"],"fullName":"IATI Parse Route - /api/iati/parse TC-PARSE-API-009: Parse locations should parse location data with coordinates","status":"passed","title":"should parse location data with coordinates","duration":0.04979099999945902,"failureMessages":[],"meta":{}},{"ancestorTitles":["IATI Parse Route - /api/iati/parse","TC-PARSE-API-010: Handle missing currency"],"fullName":"IATI Parse Route - /api/iati/parse TC-PARSE-API-010: Handle missing currency should flag transactions with missing currency as warnings","status":"passed","title":"should flag transactions with missing currency as warnings","duration":0.04641600000013568,"failureMessages":[],"meta":{}},{"ancestorTitles":["IATI Parse Route - /api/iati/parse","TC-PARSE-API-011: Return validation summary"],"fullName":"IATI Parse Route - /api/iati/parse TC-PARSE-API-011: Return validation summary should return comprehensive validation summary","status":"passed","title":"should return comprehensive validation summary","duration":0.03979200000048877,"failureMessages":[],"meta":{}},{"ancestorTitles":["IATI Parse Route - /api/iati/parse","TC-PARSE-API-012: No XML content provided"],"fullName":"IATI Parse Route - /api/iati/parse TC-PARSE-API-012: No XML content provided should return error when no XML content is provided","status":"passed","title":"should return error when no XML content is provided","duration":0.03958299999976589,"failureMessages":[],"meta":{}}],"startTime":1770041995277,"endTime":1770041995278.1658,"status":"passed","message":"","name":"/Users/leighmitchell/aims_project/frontend/src/__tests__/api/iati/parse-route.test.ts"},{"assertionResults":[{"ancestorTitles":["Transaction Type Validation","TC-VAL-010: Accept valid transaction type codes"],"fullName":"Transaction Type Validation TC-VAL-010: Accept valid transaction type codes should accept type 1 (Incoming Funds)","status":"passed","title":"should accept type 1 (Incoming Funds)","duration":0.140332999999373,"failureMessages":[],"meta":{}},{"ancestorTitles":["Transaction Type Validation","TC-VAL-010: Accept valid transaction type codes"],"fullName":"Transaction Type Validation TC-VAL-010: Accept valid transaction type codes should accept type 2 (Outgoing Commitment)","status":"passed","title":"should accept type 2 (Outgoing Commitment)","duration":0.05025000000023283,"failureMessages":[],"meta":{}},{"ancestorTitles":["Transaction Type Validation","TC-VAL-010: Accept valid transaction type codes"],"fullName":"Transaction Type Validation TC-VAL-010: Accept valid transaction type codes should accept type 3 (Disbursement)","status":"passed","title":"should accept type 3 (Disbursement)","duration":0.031291999999666587,"failureMessages":[],"meta":{}},{"ancestorTitles":["Transaction Type Validation","TC-VAL-010: Accept valid transaction type codes"],"fullName":"Transaction Type Validation TC-VAL-010: Accept valid transaction type codes should accept type 4 (Expenditure)","status":"passed","title":"should accept type 4 (Expenditure)","duration":0.03195899999991525,"failureMessages":[],"meta":{}},{"ancestorTitles":["Transaction Type Validation","TC-VAL-010: Accept valid transaction type codes"],"fullName":"Transaction Type Validation TC-VAL-010: Accept valid transaction type codes should accept type 5 (Interest Payment)","status":"passed","title":"should accept type 5 (Interest Payment)","duration":0.049500000000080036,"failureMessages":[],"meta":{}},{"ancestorTitles":["Transaction Type Validation","TC-VAL-010: Accept valid transaction type codes"],"fullName":"Transaction Type Validation TC-VAL-010: Accept valid transaction type codes should accept type 6 (Loan Repayment)","status":"passed","title":"should accept type 6 (Loan Repayment)","duration":0.03800000000046566,"failureMessages":[],"meta":{}},{"ancestorTitles":["Transaction Type Validation","TC-VAL-010: Accept valid transaction type codes"],"fullName":"Transaction Type Validation TC-VAL-010: Accept valid transaction type codes should accept type 7 (Reimbursement)","status":"passed","title":"should accept type 7 (Reimbursement)","duration":0.028707999999824096,"failureMessages":[],"meta":{}},{"ancestorTitles":["Transaction Type Validation","TC-VAL-010: Accept valid transaction type codes"],"fullName":"Transaction Type Validation TC-VAL-010: Accept valid transaction type codes should accept type 8 (Purchase of Equity)","status":"passed","title":"should accept type 8 (Purchase of Equity)","duration":0.028624999999919964,"failureMessages":[],"meta":{}},{"ancestorTitles":["Transaction Type Validation","TC-VAL-010: Accept valid transaction type codes"],"fullName":"Transaction Type Validation TC-VAL-010: Accept valid transaction type codes should accept type 9 (Sale of Equity)","status":"passed","title":"should accept type 9 (Sale of Equity)","duration":0.030499999999847205,"failureMessages":[],"meta":{}},{"ancestorTitles":["Transaction Type Validation","TC-VAL-010: Accept valid transaction type codes"],"fullName":"Transaction Type Validation TC-VAL-010: Accept valid transaction type codes should accept type 11 (Incoming Commitment)","status":"passed","title":"should accept type 11 (Incoming Commitment)","duration":0.03237500000068394,"failureMessages":[],"meta":{}},{"ancestorTitles":["Transaction Type Validation","TC-VAL-010: Accept valid transaction type codes"],"fullName":"Transaction Type Validation TC-VAL-010: Accept valid transaction type codes should accept type 12 (Outgoing Pledge)","status":"passed","title":"should accept type 12 (Outgoing Pledge)","duration":0.0282919999999649,"failureMessages":[],"meta":{}},{"ancestorTitles":["Transaction Type Validation","TC-VAL-010: Accept valid transaction type codes"],"fullName":"Transaction Type Validation TC-VAL-010: Accept valid transaction type codes should accept type 13 (Incoming Pledge)","status":"passed","title":"should accept type 13 (Incoming Pledge)","duration":0.02662499999951251,"failureMessages":[],"meta":{}},{"ancestorTitles":["Transaction Type Validation","TC-VAL-011: Reject invalid transaction type code 10"],"fullName":"Transaction Type Validation TC-VAL-011: Reject invalid transaction type code 10 should reject type 10 (not used in IATI)","status":"passed","title":"should reject type 10 (not used in IATI)","duration":0.05395799999951123,"failureMessages":[],"meta":{}},{"ancestorTitles":["Transaction Type Validation","TC-VAL-012: Reject other invalid codes"],"fullName":"Transaction Type Validation TC-VAL-012: Reject other invalid codes should reject invalid type \"0\"","status":"passed","title":"should reject invalid type \"0\"","duration":0.03820900000027905,"failureMessages":[],"meta":{}},{"ancestorTitles":["Transaction Type Validation","TC-VAL-012: Reject other invalid codes"],"fullName":"Transaction Type Validation TC-VAL-012: Reject other invalid codes should reject invalid type \"-1\"","status":"passed","title":"should reject invalid type \"-1\"","duration":0.02845800000068266,"failureMessages":[],"meta":{}},{"ancestorTitles":["Transaction Type Validation","TC-VAL-012: Reject other invalid codes"],"fullName":"Transaction Type Validation TC-VAL-012: Reject other invalid codes should reject invalid type \"14\"","status":"passed","title":"should reject invalid type \"14\"","duration":0.5523749999993015,"failureMessages":[],"meta":{}},{"ancestorTitles":["Transaction Type Validation","TC-VAL-012: Reject other invalid codes"],"fullName":"Transaction Type Validation TC-VAL-012: Reject other invalid codes should reject invalid type \"99\"","status":"passed","title":"should reject invalid type \"99\"","duration":0.06895899999926769,"failureMessages":[],"meta":{}},{"ancestorTitles":["Transaction Type Validation","TC-VAL-012: Reject other invalid codes"],"fullName":"Transaction Type Validation TC-VAL-012: Reject other invalid codes should reject invalid type \"abc\"","status":"passed","title":"should reject invalid type \"abc\"","duration":0.06670799999938026,"failureMessages":[],"meta":{}},{"ancestorTitles":["Transaction Type Validation","TC-VAL-012: Reject other invalid codes"],"fullName":"Transaction Type Validation TC-VAL-012: Reject other invalid codes should reject invalid type \"\"","status":"passed","title":"should reject invalid type \"\"","duration":0.05104200000005221,"failureMessages":[],"meta":{}},{"ancestorTitles":["Transaction Type Validation","TC-VAL-012: Reject other invalid codes"],"fullName":"Transaction Type Validation TC-VAL-012: Reject other invalid codes should reject invalid type \"1.5\"","status":"passed","title":"should reject invalid type \"1.5\"","duration":0.09587499999997817,"failureMessages":[],"meta":{}},{"ancestorTitles":["Flow Type Validation","TC-VAL-FLOW: Validate flow type codes"],"fullName":"Flow Type Validation TC-VAL-FLOW: Validate flow type codes should accept flow type 10 (ODA)","status":"passed","title":"should accept flow type 10 (ODA)","duration":0.11345799999980954,"failureMessages":[],"meta":{}},{"ancestorTitles":["Flow Type Validation","TC-VAL-FLOW: Validate flow type codes"],"fullName":"Flow Type Validation TC-VAL-FLOW: Validate flow type codes should accept flow type 13 (ODA-PSI)","status":"passed","title":"should accept flow type 13 (ODA-PSI)","duration":0.0345420000003287,"failureMessages":[],"meta":{}},{"ancestorTitles":["Flow Type Validation","TC-VAL-FLOW: Validate flow type codes"],"fullName":"Flow Type Validation TC-VAL-FLOW: Validate flow type codes should accept flow type 20 (OOF)","status":"passed","title":"should accept flow type 20 (OOF)","duration":0.029875000000174623,"failureMessages":[],"meta":{}},{"ancestorTitles":["Flow Type Validation","TC-VAL-FLOW: Validate flow type codes"],"fullName":"Flow Type Validation TC-VAL-FLOW: Validate flow type codes should accept flow type 30 (Private Development Finance)","status":"passed","title":"should accept flow type 30 (Private Development Finance)","duration":0.03083399999923131,"failureMessages":[],"meta":{}},{"ancestorTitles":["Flow Type Validation","TC-VAL-FLOW: Validate flow type codes"],"fullName":"Flow Type Validation TC-VAL-FLOW: Validate flow type codes should accept flow type 40 (Non Flow)","status":"passed","title":"should accept flow type 40 (Non Flow)","duration":0.2102500000000873,"failureMessages":[],"meta":{}},{"ancestorTitles":["Flow Type Validation","TC-VAL-FLOW: Validate flow type codes"],"fullName":"Flow Type Validation TC-VAL-FLOW: Validate flow type codes should accept flow type 50 (Other flows)","status":"passed","title":"should accept flow type 50 (Other flows)","duration":0.07491600000048493,"failureMessages":[],"meta":{}},{"ancestorTitles":["Flow Type Validation","TC-VAL-FLOW: Validate flow type codes"],"fullName":"Flow Type Validation TC-VAL-FLOW: Validate flow type codes should reject invalid flow type \"0\"","status":"passed","title":"should reject invalid flow type \"0\"","duration":0.04737500000010186,"failureMessages":[],"meta":{}},{"ancestorTitles":["Flow Type Validation","TC-VAL-FLOW: Validate flow type codes"],"fullName":"Flow Type Validation TC-VAL-FLOW: Validate flow type codes should reject invalid flow type \"1\"","status":"passed","title":"should reject invalid flow type \"1\"","duration":0.029333000000406173,"failureMessages":[],"meta":{}},{"ancestorTitles":["Flow Type Validation","TC-VAL-FLOW: Validate flow type codes"],"fullName":"Flow Type Validation TC-VAL-FLOW: Validate flow type codes should reject invalid flow type \"11\"","status":"passed","title":"should reject invalid flow type \"11\"","duration":0.031084000000191736,"failureMessages":[],"meta":{}},{"ancestorTitles":["Flow Type Validation","TC-VAL-FLOW: Validate flow type codes"],"fullName":"Flow Type Validation TC-VAL-FLOW: Validate flow type codes should reject invalid flow type \"12\"","status":"passed","title":"should reject invalid flow type \"12\"","duration":0.029125000000021828,"failureMessages":[],"meta":{}},{"ancestorTitles":["Flow Type Validation","TC-VAL-FLOW: Validate flow type codes"],"fullName":"Flow Type Validation TC-VAL-FLOW: Validate flow type codes should reject invalid flow type \"99\"","status":"passed","title":"should reject invalid flow type \"99\"","duration":0.028375000000778527,"failureMessages":[],"meta":{}},{"ancestorTitles":["Flow Type Validation","TC-VAL-FLOW: Validate flow type codes"],"fullName":"Flow Type Validation TC-VAL-FLOW: Validate flow type codes should reject invalid flow type \"\"","status":"passed","title":"should reject invalid flow type \"\"","duration":0.027999999999337888,"failureMessages":[],"meta":{}},{"ancestorTitles":["Flow Type Validation","TC-VAL-FLOW: Validate flow type codes"],"fullName":"Flow Type Validation TC-VAL-FLOW: Validate flow type codes should reject invalid flow type \"ODA\"","status":"passed","title":"should reject invalid flow type \"ODA\"","duration":0.027665999999953783,"failureMessages":[],"meta":{}},{"ancestorTitles":["Finance Type Validation","TC-VAL-030: Accept standard finance type codes"],"fullName":"Finance Type Validation TC-VAL-030: Accept standard finance type codes should accept finance type 110 (Standard grant)","status":"passed","title":"should accept finance type 110 (Standard grant)","duration":0.0744170000007216,"failureMessages":[],"meta":{}},{"ancestorTitles":["Finance Type Validation","TC-VAL-030: Accept standard finance type codes"],"fullName":"Finance Type Validation TC-VAL-030: Accept standard finance type codes should accept finance type 210 (Interest subsidy grant)","status":"passed","title":"should accept finance type 210 (Interest subsidy grant)","duration":0.04729200000019773,"failureMessages":[],"meta":{}},{"ancestorTitles":["Finance Type Validation","TC-VAL-030: Accept standard finance type codes"],"fullName":"Finance Type Validation TC-VAL-030: Accept standard finance type codes should accept finance type 310 (Capital subscription deposit)","status":"passed","title":"should accept finance type 310 (Capital subscription deposit)","duration":0.02995900000041729,"failureMessages":[],"meta":{}},{"ancestorTitles":["Finance Type Validation","TC-VAL-030: Accept standard finance type codes"],"fullName":"Finance Type Validation TC-VAL-030: Accept standard finance type codes should accept finance type 410 (Aid loan excluding debt reorganisation)","status":"passed","title":"should accept finance type 410 (Aid loan excluding debt reorganisation)","duration":0.09650000000056025,"failureMessages":[],"meta":{}},{"ancestorTitles":["Finance Type Validation","TC-VAL-030: Accept standard finance type codes"],"fullName":"Finance Type Validation TC-VAL-030: Accept standard finance type codes should accept finance type 510 (Common equity)","status":"passed","title":"should accept finance type 510 (Common equity)","duration":0.03462500000023283,"failureMessages":[],"meta":{}},{"ancestorTitles":["Finance Type Validation","TC-VAL-030: Accept standard finance type codes"],"fullName":"Finance Type Validation TC-VAL-030: Accept standard finance type codes should accept finance type 610 (Debt relief)","status":"passed","title":"should accept finance type 610 (Debt relief)","duration":0.026749999999992724,"failureMessages":[],"meta":{}},{"ancestorTitles":["Finance Type Validation","TC-VAL-030: Accept standard finance type codes"],"fullName":"Finance Type Validation TC-VAL-030: Accept standard finance type codes should accept finance type 710 (Foreign direct investment)","status":"passed","title":"should accept finance type 710 (Foreign direct investment)","duration":0.02666600000065955,"failureMessages":[],"meta":{}},{"ancestorTitles":["Finance Type Validation","TC-VAL-030: Accept standard finance type codes"],"fullName":"Finance Type Validation TC-VAL-030: Accept standard finance type codes should accept finance type 810 (Bank bonds)","status":"passed","title":"should accept finance type 810 (Bank bonds)","duration":0.02787499999976717,"failureMessages":[],"meta":{}},{"ancestorTitles":["Finance Type Validation","TC-VAL-030: Accept standard finance type codes"],"fullName":"Finance Type Validation TC-VAL-030: Accept standard finance type codes should accept finance type 910 (Other securities/claims)","status":"passed","title":"should accept finance type 910 (Other securities/claims)","duration":0.06037500000002183,"failureMessages":[],"meta":{}},{"ancestorTitles":["Finance Type Validation","TC-VAL-031: Reject invalid finance types"],"fullName":"Finance Type Validation TC-VAL-031: Reject invalid finance types should reject invalid finance type \"0\"","status":"passed","title":"should reject invalid finance type \"0\"","duration":0.05666700000074343,"failureMessages":[],"meta":{}},{"ancestorTitles":["Finance Type Validation","TC-VAL-031: Reject invalid finance types"],"fullName":"Finance Type Validation TC-VAL-031: Reject invalid finance types should reject invalid finance type \"50\"","status":"passed","title":"should reject invalid finance type \"50\"","duration":0.027042000000619737,"failureMessages":[],"meta":{}},{"ancestorTitles":["Finance Type Validation","TC-VAL-031: Reject invalid finance types"],"fullName":"Finance Type Validation TC-VAL-031: Reject invalid finance types should reject invalid finance type \"999\"","status":"passed","title":"should reject invalid finance type \"999\"","duration":0.03662499999973079,"failureMessages":[],"meta":{}},{"ancestorTitles":["Finance Type Validation","TC-VAL-031: Reject invalid finance types"],"fullName":"Finance Type Validation TC-VAL-031: Reject invalid finance types should reject invalid finance type \"1000\"","status":"passed","title":"should reject invalid finance type \"1000\"","duration":0.029666999999790278,"failureMessages":[],"meta":{}},{"ancestorTitles":["Finance Type Validation","TC-VAL-031: Reject invalid finance types"],"fullName":"Finance Type Validation TC-VAL-031: Reject invalid finance types should reject invalid finance type \"\"","status":"passed","title":"should reject invalid finance type \"\"","duration":0.029125000000021828,"failureMessages":[],"meta":{}},{"ancestorTitles":["Finance Type Validation","TC-VAL-031: Reject invalid finance types"],"fullName":"Finance Type Validation TC-VAL-031: Reject invalid finance types should reject invalid finance type \"grant\"","status":"passed","title":"should reject invalid f
[...]
 all optional fields should extract planned end date (type 3)","status":"passed","title":"should extract planned end date (type 3)","duration":0.05575000000044383,"failureMessages":[],"meta":{}},{"ancestorTitles":["IATI XML Parser","TC-PARSE-002: Parse activity with all optional fields"],"fullName":"IATI XML Parser TC-PARSE-002: Parse activity with all optional fields should extract participating organizations","status":"passed","title":"should extract participating organizations","duration":0.04624999999941792,"failureMessages":[],"meta":{}},{"ancestorTitles":["IATI XML Parser","TC-PARSE-002: Parse activity with all optional fields"],"fullName":"IATI XML Parser TC-PARSE-002: Parse activity with all optional fields should extract sectors with percentages","status":"passed","title":"should extract sectors with percentages","duration":0.31341599999996106,"failureMessages":[],"meta":{}},{"ancestorTitles":["IATI XML Parser","TC-PARSE-002: Parse activity with all optional fields"],"fullName":"IATI XML Parser TC-PARSE-002: Parse activity with all optional fields should extract recipient country","status":"passed","title":"should extract recipient country","duration":0.1922500000000582,"failureMessages":[],"meta":{}},{"ancestorTitles":["IATI XML Parser","TC-PARSE-002: Parse activity with all optional fields"],"fullName":"IATI XML Parser TC-PARSE-002: Parse activity with all optional fields should extract default flow type","status":"passed","title":"should extract default flow type","duration":0.13133299999935844,"failureMessages":[],"meta":{}},{"ancestorTitles":["IATI XML Parser","TC-PARSE-002: Parse activity with all optional fields"],"fullName":"IATI XML Parser TC-PARSE-002: Parse activity with all optional fields should extract default finance type","status":"passed","title":"should extract default finance type","duration":0.3504579999998896,"failureMessages":[],"meta":{}},{"ancestorTitles":["IATI XML Parser","TC-PARSE-003: Parse multiple activities collection"],"fullName":"IATI XML Parser TC-PARSE-003: Parse multiple activities collection should parse all 5 activities","status":"passed","title":"should parse all 5 activities","duration":0.14583300000049348,"failureMessages":[],"meta":{}},{"ancestorTitles":["IATI XML Parser","TC-PARSE-003: Parse multiple activities collection"],"fullName":"IATI XML Parser TC-PARSE-003: Parse multiple activities collection should extract unique identifiers for each activity","status":"passed","title":"should extract unique identifiers for each activity","duration":0.07116700000005949,"failureMessages":[],"meta":{}},{"ancestorTitles":["IATI XML Parser","TC-PARSE-003: Parse multiple activities collection"],"fullName":"IATI XML Parser TC-PARSE-003: Parse multiple activities collection should have different activity statuses","status":"passed","title":"should have different activity statuses","duration":1.1924159999998665,"failureMessages":[],"meta":{}},{"ancestorTitles":["IATI XML Parser","TC-PARSE-003: Parse multiple activities collection"],"fullName":"IATI XML Parser TC-PARSE-003: Parse multiple activities collection should identify humanitarian activity","status":"passed","title":"should identify humanitarian activity","duration":0.7043340000000171,"failureMessages":[],"meta":{}},{"ancestorTitles":["IATI XML Parser","TC-PARSE-010: Reject empty XML file"],"fullName":"IATI XML Parser TC-PARSE-010: Reject empty XML file should detect empty XML content","status":"passed","title":"should detect empty XML content","duration":0.7098340000002281,"failureMessages":[],"meta":{}},{"ancestorTitles":["IATI XML Parser","TC-PARSE-011: Reject malformed XML"],"fullName":"IATI XML Parser TC-PARSE-011: Reject malformed XML should throw error on malformed XML","status":"passed","title":"should throw error on malformed XML","duration":1.902708999999959,"failureMessages":[],"meta":{}},{"ancestorTitles":["IATI XML Parser","TC-PARSE-012: Detect missing iati-identifier"],"fullName":"IATI XML Parser TC-PARSE-012: Detect missing iati-identifier should identify activity without iati-identifier","status":"passed","title":"should identify activity without iati-identifier","duration":2.6584579999998823,"failureMessages":[],"meta":{}},{"ancestorTitles":["IATI XML Parser","TC-PARSE-013: Detect missing reporting-org"],"fullName":"IATI XML Parser TC-PARSE-013: Detect missing reporting-org should identify activity without reporting-org","status":"passed","title":"should identify activity without reporting-org","duration":1.2133750000002692,"failureMessages":[],"meta":{}},{"ancestorTitles":["IATI XML Parser","TC-PARSE-020: Extract activity dates correctly"],"fullName":"IATI XML Parser TC-PARSE-020: Extract activity dates correctly should extract type 1 (planned start)","status":"passed","title":"should extract type 1 (planned start)","duration":0.6392089999999371,"failureMessages":[],"meta":{}},{"ancestorTitles":["IATI XML Parser","TC-PARSE-020: Extract activity dates correctly"],"fullName":"IATI XML Parser TC-PARSE-020: Extract activity dates correctly should extract type 2 (actual start)","status":"passed","title":"should extract type 2 (actual start)","duration":0.42224999999962165,"failureMessages":[],"meta":{}},{"ancestorTitles":["IATI XML Parser","TC-PARSE-020: Extract activity dates correctly"],"fullName":"IATI XML Parser TC-PARSE-020: Extract activity dates correctly should extract type 3 (planned end)","status":"passed","title":"should extract type 3 (planned end)","duration":0.2485000000006039,"failureMessages":[],"meta":{}},{"ancestorTitles":["IATI XML Parser","TC-PARSE-020: Extract activity dates correctly"],"fullName":"IATI XML Parser TC-PARSE-020: Extract activity dates correctly should extract type 4 (actual end)","status":"passed","title":"should extract type 4 (actual end)","duration":0.1735419999995429,"failureMessages":[],"meta":{}},{"ancestorTitles":["IATI XML Parser","TC-PARSE-021: Extract locations with coordinates"],"fullName":"IATI XML Parser TC-PARSE-021: Extract locations with coordinates should extract location reference","status":"passed","title":"should extract location reference","duration":0.3699580000002243,"failureMessages":[],"meta":{}},{"ancestorTitles":["IATI XML Parser","TC-PARSE-021: Extract locations with coordinates"],"fullName":"IATI XML Parser TC-PARSE-021: Extract locations with coordinates should extract location name","status":"passed","title":"should extract location name","duration":0.3135420000007798,"failureMessages":[],"meta":{}},{"ancestorTitles":["IATI XML Parser","TC-PARSE-021: Extract locations with coordinates"],"fullName":"IATI XML Parser TC-PARSE-021: Extract locations with coordinates should extract location description","status":"passed","title":"should extract location description","duration":0.08129199999984849,"failureMessages":[],"meta":{}},{"ancestorTitles":["IATI XML Parser","TC-PARSE-021: Extract locations with coordinates"],"fullName":"IATI XML Parser TC-PARSE-021: Extract locations with coordinates should extract point coordinates","status":"passed","title":"should extract point coordinates","duration":0.0657920000003287,"failureMessages":[],"meta":{}},{"ancestorTitles":["IATI XML Parser","TC-PARSE-021: Extract locations with coordinates"],"fullName":"IATI XML Parser TC-PARSE-021: Extract locations with coordinates should parse coordinate values","status":"passed","title":"should parse coordinate values","duration":0.7058750000005602,"failureMessages":[],"meta":{}},{"ancestorTitles":["IATI XML Parser","TC-PARSE-021: Extract locations with coordinates"],"fullName":"IATI XML Parser TC-PARSE-021: Extract locations with coordinates should extract location reach code","status":"passed","title":"should extract location reach code","duration":2.0470409999998083,"failureMessages":[],"meta":{}},{"ancestorTitles":["IATI XML Parser","TC-PARSE-021: Extract locations with coordinates"],"fullName":"IATI XML Parser TC-PARSE-021: Extract locations with coordinates should extract exactness code","status":"passed","title":"should extract exactness code","duration":0.1483749999997599,"failureMessages":[],"meta":{}},{"ancestorTitles":["IATI XML Parser","TC-PARSE-021: Extract locations with coordinates"],"fullName":"IATI XML Parser TC-PARSE-021: Extract locations with coordinates should extract location class code","status":"passed","title":"should extract location class code","duration":0.17804200000045967,"failureMessages":[],"meta":{}},{"ancestorTitles":["Transaction Parsing","TC-TX-ALL: Parse all transaction types"],"fullName":"Transaction Parsing TC-TX-ALL: Parse all transaction types should parse 12 transactions (all types except 10)","status":"passed","title":"should parse 12 transactions (all types except 10)","duration":0.334791000000223,"failureMessages":[],"meta":{}},{"ancestorTitles":["Transaction Parsing","TC-TX-ALL: Parse all transaction types"],"fullName":"Transaction Parsing TC-TX-ALL: Parse all transaction types should parse transaction type 1","status":"passed","title":"should parse transaction type 1","duration":0.25333299999965675,"failureMessages":[],"meta":{}},{"ancestorTitles":["Transaction Parsing","TC-TX-ALL: Parse all transaction types"],"fullName":"Transaction Parsing TC-TX-ALL: Parse all transaction types should parse transaction type 2","status":"passed","title":"should parse transaction type 2","duration":0.1812499999996362,"failureMessages":[],"meta":{}},{"ancestorTitles":["Transaction Parsing","TC-TX-ALL: Parse all transaction types"],"fullName":"Transaction Parsing TC-TX-ALL: Parse all transaction types should parse transaction type 3","status":"passed","title":"should parse transaction type 3","duration":0.12983299999996234,"failureMessages":[],"meta":{}},{"ancestorTitles":["Transaction Parsing","TC-TX-ALL: Parse all transaction types"],"fullName":"Transaction Parsing TC-TX-ALL: Parse all transaction types should parse transaction type 4","status":"passed","title":"should parse transaction type 4","duration":0.049834000000373635,"failureMessages":[],"meta":{}},{"ancestorTitles":["Transaction Parsing","TC-TX-ALL: Parse all transaction types"],"fullName":"Transaction Parsing TC-TX-ALL: Parse all transaction types should parse transaction type 5","status":"passed","title":"should parse transaction type 5","duration":0.04841699999997218,"failureMessages":[],"meta":{}},{"ancestorTitles":["Transaction Parsing","TC-TX-ALL: Parse all transaction types"],"fullName":"Transaction Parsing TC-TX-ALL: Parse all transaction types should parse transaction type 6","status":"passed","title":"should parse transaction type 6","duration":0.051791000000775966,"failureMessages":[],"meta":{}},{"ancestorTitles":["Transaction Parsing","TC-TX-ALL: Parse all transaction types"],"fullName":"Transaction Parsing TC-TX-ALL: Parse all transaction types should parse transaction type 7","status":"passed","title":"should parse transaction type 7","duration":0.04433300000073359,"failureMessages":[],"meta":{}},{"ancestorTitles":["Transaction Parsing","TC-TX-ALL: Parse all transaction types"],"fullName":"Transaction Parsing TC-TX-ALL: Parse all transaction types should parse transaction type 8","status":"passed","title":"should parse transaction type 8","duration":0.1511660000005577,"failureMessages":[],"meta":{}},{"ancestorTitles":["Transaction Parsing","TC-TX-ALL: Parse all transaction types"],"fullName":"Transaction Parsing TC-TX-ALL: Parse all transaction types should parse transaction type 9","status":"passed","title":"should parse transaction type 9","duration":0.06204200000047422,"failureMessages":[],"meta":{}},{"ancestorTitles":["Transaction Parsing","TC-TX-ALL: Parse all transaction types"],"fullName":"Transaction Parsing TC-TX-ALL: Parse all transaction types should parse transaction type 11","status":"passed","title":"should parse transaction type 11","duration":0.055459000000155356,"failureMessages":[],"meta":{}},{"ancestorTitles":["Transaction Parsing","TC-TX-ALL: Parse all transaction types"],"fullName":"Transaction Parsing TC-TX-ALL: Parse all transaction types should parse transaction type 12","status":"passed","title":"should parse transaction type 12","duration":0.9836249999998472,"failureMessages":[],"meta":{}},{"ancestorTitles":["Transaction Parsing","TC-TX-ALL: Parse all transaction types"],"fullName":"Transaction Parsing TC-TX-ALL: Parse all transaction types should parse transaction type 13","status":"passed","title":"should parse transaction type 13","duration":0.05787499999951251,"failureMessages":[],"meta":{}},{"ancestorTitles":["Transaction Parsing","TC-TX-ALL: Parse all transaction types"],"fullName":"Transaction Parsing TC-TX-ALL: Parse all transaction types should extract transaction values correctly","status":"passed","title":"should extract transaction values correctly","duration":0.5517090000003009,"failureMessages":[],"meta":{}},{"ancestorTitles":["Transaction Parsing","TC-TX-ALL: Parse all transaction types"],"fullName":"Transaction Parsing TC-TX-ALL: Parse all transaction types should extract transaction dates correctly","status":"passed","title":"should extract transaction dates correctly","duration":0.23454100000071776,"failureMessages":[],"meta":{}},{"ancestorTitles":["Transaction Parsing","TC-TX-ALL: Parse all transaction types"],"fullName":"Transaction Parsing TC-TX-ALL: Parse all transaction types should extract currency when specified","status":"passed","title":"should extract currency when specified","duration":0.25204199999916455,"failureMessages":[],"meta":{}},{"ancestorTitles":["CRS-add Parsing","TC-CRS-PARSE: Parse CRS-add financing terms"],"fullName":"CRS-add Parsing TC-CRS-PARSE: Parse CRS-add financing terms should have crs-add element","status":"passed","title":"should have crs-add element","duration":0.295416999999361,"failureMessages":[],"meta":{}},{"ancestorTitles":["CRS-add Parsing","TC-CRS-PARSE: Parse CRS-add financing terms"],"fullName":"CRS-add Parsing TC-CRS-PARSE: Parse CRS-add financing terms should extract loan terms rate-1","status":"passed","title":"should extract loan terms rate-1","duration":0.06266599999980826,"failureMessages":[],"meta":{}},{"ancestorTitles":["CRS-add Parsing","TC-CRS-PARSE: Parse CRS-add financing terms"],"fullName":"CRS-add Parsing TC-CRS-PARSE: Parse CRS-add financing terms should extract loan terms rate-2","status":"passed","title":"should extract loan terms rate-2","duration":0.23504200000024866,"failureMessages":[],"meta":{}},{"ancestorTitles":["CRS-add Parsing","TC-CRS-PARSE: Parse CRS-add financing terms"],"fullName":"CRS-add Parsing TC-CRS-PARSE: Parse CRS-add financing terms should extract repayment type code","status":"passed","title":"should extract repayment type code","duration":0.08320900000035181,"failureMessages":[],"meta":{}},{"ancestorTitles":["CRS-add Parsing","TC-CRS-PARSE: Parse CRS-add financing terms"],"fullName":"CRS-add Parsing TC-CRS-PARSE: Parse CRS-add financing terms should extract repayment plan code","status":"passed","title":"should extract repayment plan code","duration":0.05904199999986304,"failureMessages":[],"meta":{}},{"ancestorTitles":["CRS-add Parsing","TC-CRS-PARSE: Parse CRS-add financing terms"],"fullName":"CRS-add Parsing TC-CRS-PARSE: Parse CRS-add financing terms should extract commitment date","status":"passed","title":"should extract commitment date","duration":0.042749999999614374,"failureMessages":[],"meta":{}},{"ancestorTitles":["CRS-add Parsing","TC-CRS-PARSE: Parse CRS-add financing terms"],"fullName":"CRS-add Parsing TC-CRS-PARSE: Parse CRS-add financing terms should extract repayment first date","status":"passed","title":"should extract repayment first date","duration":0.10795799999959854,"failureMessages":[],"meta":{}},{"ancestorTitles":["CRS-add Parsing","TC-CRS-PARSE: Parse CRS-add financing terms"],"fullName":"CRS-add Parsing TC-CRS-PARSE: Parse CRS-add financing terms should extract repayment final date","status":"passed","title":"should extract repayment final date","duration":0.04899999999997817,"failureMessages":[],"meta":{}},{"ancestorTitles":["CRS-add Parsing","TC-CRS-PARSE: Parse CRS-add financing terms"],"fullName":"CRS-add Parsing TC-CRS-PARSE: Parse CRS-add financing terms should extract other-flags (OECD CRS flags)","status":"passed","title":"should extract other-flags (OECD CRS flags)","duration":0.043708999999580556,"failureMessages":[],"meta":{}},{"ancestorTitles":["CRS-add Parsing","TC-CRS-PARSE: Parse CRS-add financing terms"],"fullName":"CRS-add Parsing TC-CRS-PARSE: Parse CRS-add financing terms should extract loan-status entries","status":"passed","title":"should extract loan-status entries","duration":0.04037499999958527,"failureMessages":[],"meta":{}},{"ancestorTitles":["CRS-add Parsing","TC-CRS-PARSE: Parse CRS-add financing terms"],"fullName":"CRS-add Parsing TC-CRS-PARSE: Parse CRS-add financing terms should extract loan-status year","status":"passed","title":"should extract loan-status year","duration":0.04970800000046438,"failureMessages":[],"meta":{}},{"ancestorTitles":["CRS-add Parsing","TC-CRS-PARSE: Parse CRS-add financing terms"],"fullName":"CRS-add Parsing TC-CRS-PARSE: Parse CRS-add financing terms should extract loan-status financial values","status":"passed","title":"should extract loan-status financial values","duration":0.06074999999964348,"failureMessages":[],"meta":{}},{"ancestorTitles":["CRS-add Parsing","TC-CRS-PARSE: Parse CRS-add financing terms"],"fullName":"CRS-add Parsing TC-CRS-PARSE: Parse CRS-add financing terms should extract channel-code","status":"passed","title":"should extract channel-code","duration":0.037333000000217,"failureMessages":[],"meta":{}},{"ancestorTitles":["Multi-Currency Parsing","TC-CURRENCY-PARSE: Parse multi-currency transactions"],"fullName":"Multi-Currency Parsing TC-CURRENCY-PARSE: Parse multi-currency transactions should parse transactions with different currencies","status":"passed","title":"should parse transactions with different currencies","duration":0.16083399999934045,"failureMessages":[],"meta":{}},{"ancestorTitles":["Multi-Currency Parsing","TC-CURRENCY-PARSE: Parse multi-currency transactions"],"fullName":"Multi-Currency Parsing TC-CURRENCY-PARSE: Parse multi-currency transactions should parse EUR transaction","status":"passed","title":"should parse EUR transaction","duration":0.08033400000022084,"failureMessages":[],"meta":{}},{"ancestorTitles":["Multi-Currency Parsing","TC-CURRENCY-PARSE: Parse multi-currency transactions"],"fullName":"Multi-Currency Parsing TC-CURRENCY-PARSE: Parse multi-currency transactions should parse GBP transaction","status":"passed","title":"should parse GBP transaction","duration":0.059707999999773165,"failureMessages":[],"meta":{}},{"ancestorTitles":["Multi-Currency Parsing","TC-CURRENCY-PARSE: Parse multi-currency transactions"],"fullName":"Multi-Currency Parsing TC-CURRENCY-PARSE: Parse multi-currency transactions should parse JPY transaction","status":"passed","title":"should parse JPY transaction","duration":0.059707999999773165,"failureMessages":[],"meta":{}},{"ancestorTitles":["Multi-Currency Parsing","TC-CURRENCY-PARSE: Parse multi-currency transactions"],"fullName":"Multi-Currency Parsing TC-CURRENCY-PARSE: Parse multi-currency transactions should identify transaction without currency","status":"passed","title":"should identify transaction without currency","duration":0.07162500000049477,"failureMessages":[],"meta":{}},{"ancestorTitles":["Multi-Currency Parsing","TC-CURRENCY-PARSE: Parse multi-currency transactions"],"fullName":"Multi-Currency Parsing TC-CURRENCY-PARSE: Parse multi-currency transactions should use activity default currency when transaction currency is missing","status":"passed","title":"should use activity default currency when transaction currency is missing","duration":1.0339999999996508,"failureMessages":[],"meta":{}}],"startTime":1770041995131,"endTime":1770041995182.034,"status":"failed","message":"","name":"/Users/leighmitchell/aims_project/frontend/src/__tests__/lib/iati/xmlParser.test.ts"}]}